2025-06-22T21:42:02+00:00 ERROR Automattic\WooCommerce\GoogleListingsAndAds\API\Google\Ads::get_account_details {
    "message": "The caller does not have permission",
    "code": 7,
    "status": "PERMISSION_DENIED",
    "details": [
        {
            "@type": "type.googleapis.com\/google.ads.googleads.v18.errors.GoogleAdsFailure",
            "errors": [
                {
                    "errorCode": {
                        "authorizationError": "CUSTOMER_NOT_ENABLED"
                    },
                    "message": "The customer account can't be accessed because it is not yet enabled or has been deactivated."
                }
            ],
            "requestId": "Pzg-b9Yk2CbfYO_ZrxXS1w"
        }
    ]
}
2025-06-22T21:42:02+00:00 ERROR Automattic\WooCommerce\GoogleListingsAndAds\API\Google\Ads::get_account_details {
    "message": "The caller does not have permission",
    "code": 7,
    "status": "PERMISSION_DENIED",
    "details": [
        {
            "@type": "type.googleapis.com\/google.ads.googleads.v18.errors.GoogleAdsFailure",
            "errors": [
                {
                    "errorCode": {
                        "authorizationError": "CUSTOMER_NOT_ENABLED"
                    },
                    "message": "The customer account can't be accessed because it is not yet enabled or has been deactivated."
                }
            ],
            "requestId": "csMldELnnIrCSQHrePVjfg"
        }
    ]
}
